0 info it worked if it ends with ok
1 verbose cli [ 'node', '/usr/local/bin/npm', 'install', '--save', 'typescript' ]
2 info using npm@1.4.28
3 info using node@v0.10.33
4 warn package.json Backbone-Typescript@1.0.0 No repository field.
5 verbose readDependencies using package.json deps
6 verbose cache add [ 'typescript', null ]
7 verbose cache add name=undefined spec="typescript" args=["typescript",null]
8 verbose parsed url { protocol: null,
8 verbose parsed url   slashes: null,
8 verbose parsed url   auth: null,
8 verbose parsed url   host: null,
8 verbose parsed url   port: null,
8 verbose parsed url   hostname: null,
8 verbose parsed url   hash: null,
8 verbose parsed url   search: null,
8 verbose parsed url   query: null,
8 verbose parsed url   pathname: 'typescript',
8 verbose parsed url   path: 'typescript',
8 verbose parsed url   href: 'typescript' }
9 silly lockFile fb9da861-typescript typescript
10 verbose lock typescript /Users/erikwegner/.npm/fb9da861-typescript.lock
11 silly lockFile fb9da861-typescript typescript
12 silly lockFile fb9da861-typescript typescript
13 verbose addNamed [ 'typescript', '' ]
14 verbose addNamed [ null, '*' ]
15 silly lockFile b598c0ef-typescript typescript@
16 verbose lock typescript@ /Users/erikwegner/.npm/b598c0ef-typescript.lock
17 silly addNameRange { name: 'typescript', range: '*', hasData: false }
18 verbose request where is /typescript
19 verbose request registry https://registry.npmjs.org/
20 verbose request id 98a33fe71f43e671
21 verbose url raw /typescript
22 verbose url resolving [ 'https://registry.npmjs.org/', './typescript' ]
23 verbose url resolved https://registry.npmjs.org/typescript
24 verbose request where is https://registry.npmjs.org/typescript
25 info trying registry request attempt 1 at 21:01:36
26 verbose etag "3XUFS1COP9ELLCNJRWJUP1GB7"
27 http GET https://registry.npmjs.org/typescript
28 http 200 https://registry.npmjs.org/typescript
29 silly registry.get cb [ 200,
29 silly registry.get   { server: 'CouchDB/1.5.0 (Erlang OTP/R16B03)',
29 silly registry.get     etag: '"BK9DLPJMIMSHJLS0S8V17Y5A9"',
29 silly registry.get     'content-type': 'application/json',
29 silly registry.get     'cache-control': 'max-age=60',
29 silly registry.get     'content-length': '30747',
29 silly registry.get     'accept-ranges': 'bytes',
29 silly registry.get     date: 'Fri, 24 Jul 2015 19:01:36 GMT',
29 silly registry.get     via: '1.1 varnish',
29 silly registry.get     age: '48',
29 silly registry.get     connection: 'keep-alive',
29 silly registry.get     'x-served-by': 'cache-fra1244-FRA',
29 silly registry.get     'x-cache': 'HIT',
29 silly registry.get     'x-cache-hits': '1',
29 silly registry.get     'x-timer': 'S1437764496.745588,VS0,VE0',
29 silly registry.get     vary: 'Accept' } ]
30 silly addNameRange number 2 { name: 'typescript', range: '*', hasData: true }
31 silly addNameRange versions [ 'typescript',
31 silly addNameRange   [ '0.8.0',
31 silly addNameRange     '0.8.1',
31 silly addNameRange     '0.8.1-1',
31 silly addNameRange     '0.8.2',
31 silly addNameRange     '0.8.3',
31 silly addNameRange     '0.9.0',
31 silly addNameRange     '0.9.0-1',
31 silly addNameRange     '0.9.1',
31 silly addNameRange     '0.9.1-1',
31 silly addNameRange     '0.9.5',
31 silly addNameRange     '0.9.7',
31 silly addNameRange     '1.0.0',
31 silly addNameRange     '1.0.1',
31 silly addNameRange     '1.1.0-1',
31 silly addNameRange     '1.3.0',
31 silly addNameRange     '1.4.1',
31 silly addNameRange     '1.5.0-alpha',
31 silly addNameRange     '1.5.0-beta',
31 silly addNameRange     '1.5.3',
31 silly addNameRange     '1.6.0-dev.20150722.1',
31 silly addNameRange     '1.6.0-dev.20150723',
31 silly addNameRange     '1.6.0-dev.20150724' ] ]
32 verbose addNamed [ 'typescript', '1.5.3' ]
33 verbose addNamed [ '1.5.3', '1.5.3' ]
34 silly lockFile 962f4d64-typescript-1-5-3 typescript@1.5.3
35 verbose lock typescript@1.5.3 /Users/erikwegner/.npm/962f4d64-typescript-1-5-3.lock
36 silly lockFile 9f3e570d--typescript-typescript-1-5-3-tgz https://registry.npmjs.org/typescript/-/typescript-1.5.3.tgz
37 verbose lock https://registry.npmjs.org/typescript/-/typescript-1.5.3.tgz /Users/erikwegner/.npm/9f3e570d--typescript-typescript-1-5-3-tgz.lock
38 verbose addRemoteTarball [ 'https://registry.npmjs.org/typescript/-/typescript-1.5.3.tgz',
38 verbose addRemoteTarball   'ce35e55f75b7a8d0ed571b503bd0a57157e523f7' ]
39 info retry fetch attempt 1 at 21:01:36
40 verbose fetch to= /var/folders/0j/m5bdtk_d1hj0_y34x41lc2q80000gn/T/npm-52566-wRY_gcu8/registry.npmjs.org/typescript/-/typescript-1.5.3.tgz
41 http GET https://registry.npmjs.org/typescript/-/typescript-1.5.3.tgz
42 http 200 https://registry.npmjs.org/typescript/-/typescript-1.5.3.tgz
43 silly lockFile 9f3e570d--typescript-typescript-1-5-3-tgz https://registry.npmjs.org/typescript/-/typescript-1.5.3.tgz
44 silly lockFile 9f3e570d--typescript-typescript-1-5-3-tgz https://registry.npmjs.org/typescript/-/typescript-1.5.3.tgz
45 silly lockFile 962f4d64-typescript-1-5-3 typescript@1.5.3
46 silly lockFile 962f4d64-typescript-1-5-3 typescript@1.5.3
47 silly lockFile b598c0ef-typescript typescript@
48 silly lockFile b598c0ef-typescript typescript@
49 error Error: EACCES, mkdir '/Users/erikwegner/.npm/typescript/1.5.3'
49 error  { [Error: EACCES, mkdir '/Users/erikwegner/.npm/typescript/1.5.3']
49 error   errno: 3,
49 error   code: 'EACCES',
49 error   path: '/Users/erikwegner/.npm/typescript/1.5.3',
49 error   parent: 'Backbone-Typescript' }
50 error Please try running this command again as root/Administrator.
51 error System Darwin 14.4.0
52 error command "node" "/usr/local/bin/npm" "install" "--save" "typescript"
53 error cwd /Users/erikwegner/Documents/dev/backbonets
54 error node -v v0.10.33
55 error npm -v 1.4.28
56 error path /Users/erikwegner/.npm/typescript/1.5.3
57 error code EACCES
58 error errno 3
59 error stack Error: EACCES, mkdir '/Users/erikwegner/.npm/typescript/1.5.3'
60 verbose exit [ 3, true ]
